

times in msec
 clock   self+sourced   self:  sourced script
 clock   elapsed:              other lines

000.007  000.007: --- VIM STARTING ---
000.172  000.165: Allocated generic buffers
000.271  000.099: locale set
000.278  000.007: window checked
000.866  000.588: inits 1
000.970  000.104: parsing arguments
000.974  000.004: expanding arguments
001.011  000.037: shell init
001.372  000.361: Termcap init
001.398  000.026: inits 2
001.604  000.206: init highlight
002.203  000.454  000.454: sourcing /usr/share/vim/vimfiles/archlinux.vim
002.245  000.607  000.153: sourcing /etc/vimrc
020.453  000.045  000.045: sourcing /usr/share/vim/vimfiles/ftdetect/meson.vim
020.646  018.080  018.035: sourcing /usr/share/vim/vim82/filetype.vim
020.781  000.067  000.067: sourcing /usr/share/vim/vim82/ftplugin.vim
020.911  000.068  000.068: sourcing /usr/share/vim/vim82/indent.vim
022.199  000.828  000.828: sourcing /usr/share/vim/vim82/syntax/syncolor.vim
022.336  001.032  000.204: sourcing /usr/share/vim/vim82/syntax/synload.vim
022.397  001.184  000.152: sourcing /usr/share/vim/vim82/syntax/syntax.vim
022.442  020.123  000.724: sourcing $VIMRUNTIME/defaults.vim
022.445  000.111: sourcing vimrc file(s)
025.686  003.119  003.119: sourcing /usr/share/vim/vimfiles/plugin/fzf.vim
027.474  000.217  000.217: sourcing /usr/share/vim/vim82/plugin/getscriptPlugin.vim
028.434  000.927  000.927: sourcing /usr/share/vim/vim82/plugin/gzip.vim
029.057  000.575  000.575: sourcing /usr/share/vim/vim82/plugin/logiPat.vim
029.144  000.052  000.052: sourcing /usr/share/vim/vim82/plugin/manpager.vim
029.568  000.398  000.398: sourcing /usr/share/vim/vim82/plugin/matchparen.vim
031.169  001.571  001.571: sourcing /usr/share/vim/vim82/plugin/netrwPlugin.vim
031.234  000.014  000.014: sourcing /usr/share/vim/vim82/plugin/rrhelper.vim
031.289  000.033  000.033: sourcing /usr/share/vim/vim82/plugin/spellfile.vim
031.618  000.310  000.310: sourcing /usr/share/vim/vim82/plugin/tarPlugin.vim
031.774  000.108  000.108: sourcing /usr/share/vim/vim82/plugin/tohtml.vim
032.111  000.315  000.315: sourcing /usr/share/vim/vim82/plugin/vimballPlugin.vim
032.341  000.197  000.197: sourcing /usr/share/vim/vim82/plugin/zipPlugin.vim
032.346  002.065: loading plugins
032.418  000.072: loading packages
032.437  000.019: loading after plugins
032.446  000.009: inits 3
032.581  000.135: reading viminfo
032.631  000.050: setting raw mode
032.641  000.010: start termcap
032.885  000.244: clearing screen
034.623  000.566  000.566: sourcing /usr/share/vim/vim82/scripts.vim
034.756  001.305: opening buffers
034.785  000.029: BufEnter autocommands
034.787  000.002: editing files in windows
035.075  000.288: VimEnter autocommands
035.077  000.002: before starting main loop
035.690  000.613: first screen update
035.691  000.001: --- VIM STARTED ---
